# JRE version: Java(TM) SE Runtime Environment (8.0_25-b18) (build 1.8.0_25-b18)
# Java VM: Java HotSpot(TM) 64-Bit Server VM (25.25-b02 mixed mode windows-amd64 compressed oops)
Heap:
 PSYoungGen      total 133632K, used 42038K [0x000000076b400000, 0x0000000773900000, 0x00000007c0000000)
  eden space 131072K, 31% used [0x000000076b400000,0x000000076dceda80,0x0000000773400000)
  from space 2560K, 5% used [0x0000000773680000,0x00000007736a0000,0x0000000773900000)
  to   space 2560K, 0% used [0x0000000773400000,0x0000000773400000,0x0000000773680000)
 ParOldGen       total 175104K, used 2326K [0x00000006c1c00000, 0x00000006cc700000, 0x000000076b400000)
  object space 175104K, 1% used [0x00000006c1c00000,0x00000006c1e45988,0x00000006cc700000)
 Metaspace       used 11490K, capacity 11600K, committed 11904K, reserved 1058816K
  class space    used 1534K, capacity 1568K, committed 1664K, reserved 1048576K
GC Heap History (10 events):
Event: 0.706 GC heap before
{Heap before GC invocations=4 (full 0):
 PSYoungGen      total 76288K, used 67904K [0x000000076b400000, 0x0000000770900000, 0x00000007c0000000)
  eden space 65536K, 100% used [0x000000076b400000,0x000000076f400000,0x000000076f400000)
  from space 10752K, 22% used [0x000000076f400000,0x000000076f650000,0x000000076fe80000)
  to   space 10752K, 0% used [0x000000076fe80000,0x000000076fe80000,0x0000000770900000)
 ParOldGen       total 175104K, used 32K [0x00000006c1c00000, 0x00000006cc700000, 0x000000076b400000)
  object space 175104K, 0% used [0x00000006c1c00000,0x00000006c1c08000,0x00000006cc700000)
 Metaspace       used 11436K, capacity 11536K, committed 11904K, reserved 1058816K
  class space    used 1534K, capacity 1568K, committed 1664K, reserved 1048576K
Event: 0.708 GC heap after
Heap after GC invocations=4 (full 0):
 PSYoungGen      total 76288K, used 2365K [0x000000076b400000, 0x0000000770900000, 0x00000007c0000000)
  eden space 65536K, 0% used [0x000000076b400000,0x000000076b400000,0x000000076f400000)
  from space 10752K, 21% used [0x000000076fe80000,0x00000007700cf598,0x0000000770900000)
  to   space 10752K, 0% used [0x000000076f400000,0x000000076f400000,0x000000076fe80000)
 ParOldGen       total 175104K, used 40K [0x00000006c1c00000, 0x00000006cc700000, 0x000000076b400000)
  object space 175104K, 0% used [0x00000006c1c00000,0x00000006c1c0a000,0x00000006cc700000)
 Metaspace       used 11436K, capacity 11536K, committed 11904K, reserved 1058816K
  class space    used 1534K, capacity 1568K, committed 1664K, reserved 1048576K
}
Event: 0.737 GC heap before
{Heap before GC invocations=5 (full 0):
 PSYoungGen      total 76288K, used 67901K [0x000000076b400000, 0x0000000770900000, 0x00000007c0000000)
  eden space 65536K, 100% used [0x000000076b400000,0x000000076f400000,0x000000076f400000)
  from space 10752K, 21% used [0x000000076fe80000,0x00000007700cf598,0x0000000770900000)
  to   space 10752K, 0% used [0x000000076f400000,0x000000076f400000,0x000000076fe80000)
 ParOldGen       total 175104K, used 40K [0x00000006c1c00000, 0x00000006cc700000, 0x000000076b400000)
  object space 175104K, 0% used [0x00000006c1c00000,0x00000006c1c0a000,0x00000006cc700000)
 Metaspace       used 11447K, capacity 11600K, committed 11904K, reserved 1058816K
  class space    used 1534K, capacity 1568K, committed 1664K, reserved 1048576K
Event: 0.739 GC heap after
Heap after GC invocations=5 (full 0):
 PSYoungGen      total 76288K, used 2397K [0x000000076b400000, 0x0000000773900000, 0x00000007c0000000)
  eden space 65536K, 0% used [0x000000076b400000,0x000000076b400000,0x000000076f400000)
  from space 10752K, 22% used [0x000000076f400000,0x000000076f657598,0x000000076fe80000)
  to   space 2560K, 0% used [0x0000000773680000,0x0000000773680000,0x0000000773900000)
 ParOldGen       total 175104K, used 48K [0x00000006c1c00000, 0x00000006cc700000, 0x000000076b400000)
  object space 175104K, 0% used [0x00000006c1c00000,0x00000006c1c0c000,0x00000006cc700000)
 Metaspace       used 11447K, capacity 11600K, committed 11904K, reserved 1058816K
  class space    used 1534K, capacity 1568K, committed 1664K, reserved 1048576K
}
Event: 0.768 GC heap before
{Heap before GC invocations=6 (full 0):
 PSYoungGen      total 76288K, used 67933K [0x000000076b400000, 0x0000000773900000, 0x00000007c0000000)
  eden space 65536K, 100% used [0x000000076b400000,0x000000076f400000,0x000000076f400000)
  from space 10752K, 22% used [0x000000076f400000,0x000000076f657598,0x000000076fe80000)
  to   space 2560K, 0% used [0x0000000773680000,0x0000000773680000,0x0000000773900000)
 ParOldGen       total 175104K, used 48K [0x00000006c1c00000, 0x00000006cc700000, 0x000000076b400000)
  object space 175104K, 0% used [0x00000006c1c00000,0x00000006c1c0c000,0x00000006cc700000)
 Metaspace       used 11453K, capacity 11600K, committed 11904K, reserved 1058816K
  class space    used 1534K, capacity 1568K, committed 1664K, reserved 1048576K
Event: 0.771 GC heap after
Heap after GC invocations=6 (full 0):
 PSYoungGen      total 133632K, used 2365K [0x000000076b400000, 0x0000000773900000, 0x00000007c0000000)
  eden space 131072K, 0% used [0x000000076b400000,0x000000076b400000,0x0000000773400000)
  from space 2560K, 92% used [0x0000000773680000,0x00000007738cf598,0x0000000773900000)
  to   space 2560K, 0% used [0x0000000773400000,0x0000000773400000,0x0000000773680000)
 ParOldGen       total 175104K, used 56K [0x00000006c1c00000, 0x00000006cc700000, 0x000000076b400000)
  object space 175104K, 0% used [0x00000006c1c00000,0x00000006c1c0e000,0x00000006cc700000)
 Metaspace       used 11453K, capacity 11600K, committed 11904K, reserved 1058816K
  class space    used 1534K, capacity 1568K, committed 1664K, reserved 1048576K
}
Event: 0.836 GC heap before
{Heap before GC invocations=7 (full 0):
 PSYoungGen      total 133632K, used 133437K [0x000000076b400000, 0x0000000773900000, 0x00000007c0000000)
  eden space 131072K, 100% used [0x000000076b400000,0x0000000773400000,0x0000000773400000)
  from space 2560K, 92% used [0x0000000773680000,0x00000007738cf598,0x0000000773900000)
  to   space 2560K, 0% used [0x0000000773400000,0x0000000773400000,0x0000000773680000)
 ParOldGen       total 175104K, used 56K [0x00000006c1c00000, 0x00000006cc700000, 0x000000076b400000)
  object space 175104K, 0% used [0x00000006c1c00000,0x00000006c1c0e000,0x00000006cc700000)
 Metaspace       used 11474K, capacity 11600K, committed 11904K, reserved 1058816K
  class space    used 1534K, capacity 1568K, committed 1664K, reserved 1048576K
Event: 0.839 GC heap after
Heap after GC invocations=7 (full 0):
 PSYoungGen      total 133632K, used 128K [0x000000076b400000, 0x0000000773900000, 0x00000007c0000000)
  eden space 131072K, 0% used [0x000000076b400000,0x000000076b400000,0x0000000773400000)
  from space 2560K, 5% used [0x0000000773400000,0x0000000773420000,0x0000000773680000)
  to   space 2560K, 0% used [0x0000000773680000,0x0000000773680000,0x0000000773900000)
 ParOldGen       total 175104K, used 2310K [0x00000006c1c00000, 0x00000006cc700000, 0x000000076b400000)
  object space 175104K, 1% used [0x00000006c1c00000,0x00000006c1e41988,0x00000006cc700000)
 Metaspace       used 11474K, capacity 11600K, committed 11904K, reserved 1058816K
  class space    used 1534K, capacity 1568K, committed 1664K, reserved 1048576K
}
Event: 0.890 GC heap before
{Heap before GC invocations=8 (full 0):
 PSYoungGen      total 133632K, used 131200K [0x000000076b400000, 0x0000000773900000, 0x00000007c0000000)
  eden space 131072K, 100% used [0x000000076b400000,0x0000000773400000,0x0000000773400000)
  from space 2560K, 5% used [0x0000000773400000,0x0000000773420000,0x0000000773680000)
  to   space 2560K, 0% used [0x0000000773680000,0x0000000773680000,0x0000000773900000)
 ParOldGen       total 175104K, used 2310K [0x00000006c1c00000, 0x00000006cc700000, 0x000000076b400000)
  object space 175104K, 1% used [0x00000006c1c00000,0x00000006c1e41988,0x00000006cc700000)
 Metaspace       used 11483K, capacity 11600K, committed 11904K, reserved 1058816K
  class space    used 1534K, capacity 1568K, committed 1664K, reserved 1048576K
Event: 0.891 GC heap after
Heap after GC invocations=8 (full 0):
 PSYoungGen      total 133632K, used 128K [0x000000076b400000, 0x0000000773900000, 0x00000007c0000000)
  eden space 131072K, 0% used [0x000000076b400000,0x000000076b400000,0x0000000773400000)
  from space 2560K, 5% used [0x0000000773680000,0x00000007736a0000,0x0000000773900000)
  to   space 2560K, 0% used [0x0000000773400000,0x0000000773400000,0x0000000773680000)
 ParOldGen       total 175104K, used 2326K [0x00000006c1c00000, 0x00000006cc700000, 0x000000076b400000)
  object space 175104K, 1% used [0x00000006c1c00000,0x00000006c1e45988,0x00000006cc700000)
 Metaspace       used 11483K, capacity 11600K, committed 11904K, reserved 1058816K
  class space    used 1534K, capacity 1568K, committed 1664K, reserved 1048576K
}

