# JRE version: Java(TM) SE Runtime Environment (8.0_25-b18) (build 1.8.0_25-b18)
# Java VM: Java HotSpot(TM) 64-Bit Server VM (25.25-b02 mixed mode windows-amd64 compressed oops)
Heap:
 PSYoungGen      total 133632K, used 112254K [0x000000076b400000, 0x0000000773900000, 0x00000007c0000000)
  eden space 131072K, 85% used [0x000000076b400000,0x000000077217fa60,0x0000000773400000)
  from space 2560K, 5% used [0x0000000773400000,0x0000000773420000,0x0000000773680000)
  to   space 2560K, 0% used [0x0000000773680000,0x0000000773680000,0x0000000773900000)
 ParOldGen       total 175104K, used 2335K [0x00000006c1c00000, 0x00000006cc700000, 0x000000076b400000)
  object space 175104K, 1% used [0x00000006c1c00000,0x00000006c1e47d28,0x00000006cc700000)
 Metaspace       used 11483K, capacity 11600K, committed 11904K, reserved 1058816K
  class space    used 1534K, capacity 1568K, committed 1664K, reserved 1048576K
GC Heap History (10 events):
Event: 0.714 GC heap before
{Heap before GC invocations=5 (full 0):
 PSYoungGen      total 76288K, used 67901K [0x000000076b400000, 0x0000000770900000, 0x00000007c0000000)
  eden space 65536K, 100% used [0x000000076b400000,0x000000076f400000,0x000000076f400000)
  from space 10752K, 21% used [0x000000076fe80000,0x00000007700cf598,0x0000000770900000)
  to   space 10752K, 0% used [0x000000076f400000,0x000000076f400000,0x000000076fe80000)
 ParOldGen       total 175104K, used 40K [0x00000006c1c00000, 0x00000006cc700000, 0x000000076b400000)
  object space 175104K, 0% used [0x00000006c1c00000,0x00000006c1c0a000,0x00000006cc700000)
 Metaspace       used 11440K, capacity 11536K, committed 11904K, reserved 1058816K
  class space    used 1534K, capacity 1568K, committed 1664K, reserved 1048576K
Event: 0.716 GC heap after
Heap after GC invocations=5 (full 0):
 PSYoungGen      total 76288K, used 2397K [0x000000076b400000, 0x0000000773900000, 0x00000007c0000000)
  eden space 65536K, 0% used [0x000000076b400000,0x000000076b400000,0x000000076f400000)
  from space 10752K, 22% used [0x000000076f400000,0x000000076f657598,0x000000076fe80000)
  to   space 2560K, 0% used [0x0000000773680000,0x0000000773680000,0x0000000773900000)
 ParOldGen       total 175104K, used 48K [0x00000006c1c00000, 0x00000006cc700000, 0x000000076b400000)
  object space 175104K, 0% used [0x00000006c1c00000,0x00000006c1c0c000,0x00000006cc700000)
 Metaspace       used 11440K, capacity 11536K, committed 11904K, reserved 1058816K
  class space    used 1534K, capacity 1568K, committed 1664K, reserved 1048576K
}
Event: 0.742 GC heap before
{Heap before GC invocations=6 (full 0):
 PSYoungGen      total 76288K, used 67933K [0x000000076b400000, 0x0000000773900000, 0x00000007c0000000)
  eden space 65536K, 100% used [0x000000076b400000,0x000000076f400000,0x000000076f400000)
  from space 10752K, 22% used [0x000000076f400000,0x000000076f657598,0x000000076fe80000)
  to   space 2560K, 0% used [0x0000000773680000,0x0000000773680000,0x0000000773900000)
 ParOldGen       total 175104K, used 48K [0x00000006c1c00000, 0x00000006cc700000, 0x000000076b400000)
  object space 175104K, 0% used [0x00000006c1c00000,0x00000006c1c0c000,0x00000006cc700000)
 Metaspace       used 11446K, capacity 11536K, committed 11904K, reserved 1058816K
  class space    used 1534K, capacity 1568K, committed 1664K, reserved 1048576K
Event: 0.744 GC heap after
Heap after GC invocations=6 (full 0):
 PSYoungGen      total 133632K, used 2336K [0x000000076b400000, 0x0000000773900000, 0x00000007c0000000)
  eden space 131072K, 0% used [0x000000076b400000,0x000000076b400000,0x0000000773400000)
  from space 2560K, 91% used [0x0000000773680000,0x00000007738c8000,0x0000000773900000)
  to   space 2560K, 0% used [0x0000000773400000,0x0000000773400000,0x0000000773680000)
 ParOldGen       total 175104K, used 56K [0x00000006c1c00000, 0x00000006cc700000, 0x000000076b400000)
  object space 175104K, 0% used [0x00000006c1c00000,0x00000006c1c0e000,0x00000006cc700000)
 Metaspace       used 11446K, capacity 11536K, committed 11904K, reserved 1058816K
  class space    used 1534K, capacity 1568K, committed 1664K, reserved 1048576K
}
Event: 0.805 GC heap before
{Heap before GC invocations=7 (full 0):
 PSYoungGen      total 133632K, used 133408K [0x000000076b400000, 0x0000000773900000, 0x00000007c0000000)
  eden space 131072K, 100% used [0x000000076b400000,0x0000000773400000,0x0000000773400000)
  from space 2560K, 91% used [0x0000000773680000,0x00000007738c8000,0x0000000773900000)
  to   space 2560K, 0% used [0x0000000773400000,0x0000000773400000,0x0000000773680000)
 ParOldGen       total 175104K, used 56K [0x00000006c1c00000, 0x00000006cc700000, 0x000000076b400000)
  object space 175104K, 0% used [0x00000006c1c00000,0x00000006c1c0e000,0x00000006cc700000)
 Metaspace       used 11465K, capacity 11600K, committed 11904K, reserved 1058816K
  class space    used 1534K, capacity 1568K, committed 1664K, reserved 1048576K
Event: 0.807 GC heap after
Heap after GC invocations=7 (full 0):
 PSYoungGen      total 133632K, used 160K [0x000000076b400000, 0x0000000773900000, 0x00000007c0000000)
  eden space 131072K, 0% used [0x000000076b400000,0x000000076b400000,0x0000000773400000)
  from space 2560K, 6% used [0x0000000773400000,0x0000000773428000,0x0000000773680000)
  to   space 2560K, 0% used [0x0000000773680000,0x0000000773680000,0x0000000773900000)
 ParOldGen       total 175104K, used 2303K [0x00000006c1c00000, 0x00000006cc700000, 0x000000076b400000)
  object space 175104K, 1% used [0x00000006c1c00000,0x00000006c1e3fd28,0x00000006cc700000)
 Metaspace       used 11465K, capacity 11600K, committed 11904K, reserved 1058816K
  class space    used 1534K, capacity 1568K, committed 1664K, reserved 1048576K
}
Event: 0.856 GC heap before
{Heap before GC invocations=8 (full 0):
 PSYoungGen      total 133632K, used 131232K [0x000000076b400000, 0x0000000773900000, 0x00000007c0000000)
  eden space 131072K, 100% used [0x000000076b400000,0x0000000773400000,0x0000000773400000)
  from space 2560K, 6% used [0x0000000773400000,0x0000000773428000,0x0000000773680000)
  to   space 2560K, 0% used [0x0000000773680000,0x0000000773680000,0x0000000773900000)
 ParOldGen       total 175104K, used 2303K [0x00000006c1c00000, 0x00000006cc700000, 0x000000076b400000)
  object space 175104K, 1% used [0x00000006c1c00000,0x00000006c1e3fd28,0x00000006cc700000)
 Metaspace       used 11476K, capacity 11600K, committed 11904K, reserved 1058816K
  class space    used 1534K, capacity 1568K, committed 1664K, reserved 1048576K
Event: 0.857 GC heap after
Heap after GC invocations=8 (full 0):
 PSYoungGen      total 133632K, used 128K [0x000000076b400000, 0x0000000773900000, 0x00000007c0000000)
  eden space 131072K, 0% used [0x000000076b400000,0x000000076b400000,0x0000000773400000)
  from space 2560K, 5% used [0x0000000773680000,0x00000007736a0000,0x0000000773900000)
  to   space 2560K, 0% used [0x0000000773400000,0x0000000773400000,0x0000000773680000)
 ParOldGen       total 175104K, used 2319K [0x00000006c1c00000, 0x00000006cc700000, 0x000000076b400000)
  object space 175104K, 1% used [0x00000006c1c00000,0x00000006c1e43d28,0x00000006cc700000)
 Metaspace       used 11476K, capacity 11600K, committed 11904K, reserved 1058816K
  class space    used 1534K, capacity 1568K, committed 1664K, reserved 1048576K
}
Event: 0.935 GC heap before
{Heap before GC invocations=9 (full 0):
 PSYoungGen      total 133632K, used 131200K [0x000000076b400000, 0x0000000773900000, 0x00000007c0000000)
  eden space 131072K, 100% used [0x000000076b400000,0x0000000773400000,0x0000000773400000)
  from space 2560K, 5% used [0x0000000773680000,0x00000007736a0000,0x0000000773900000)
  to   space 2560K, 0% used [0x0000000773400000,0x0000000773400000,0x0000000773680000)
 ParOldGen       total 175104K, used 2319K [0x00000006c1c00000, 0x00000006cc700000, 0x000000076b400000)
  object space 175104K, 1% used [0x00000006c1c00000,0x00000006c1e43d28,0x00000006cc700000)
 Metaspace       used 11483K, capacity 11600K, committed 11904K, reserved 1058816K
  class space    used 1534K, capacity 1568K, committed 1664K, reserved 1048576K
Event: 0.936 GC heap after
Heap after GC invocations=9 (full 0):
 PSYoungGen      total 133632K, used 128K [0x000000076b400000, 0x0000000773900000, 0x00000007c0000000)
  eden space 131072K, 0% used [0x000000076b400000,0x000000076b400000,0x0000000773400000)
  from space 2560K, 5% used [0x0000000773400000,0x0000000773420000,0x0000000773680000)
  to   space 2560K, 0% used [0x0000000773680000,0x0000000773680000,0x0000000773900000)
 ParOldGen       total 175104K, used 2335K [0x00000006c1c00000, 0x00000006cc700000, 0x000000076b400000)
  object space 175104K, 1% used [0x00000006c1c00000,0x00000006c1e47d28,0x00000006cc700000)
 Metaspace       used 11483K, capacity 11600K, committed 11904K, reserved 1058816K
  class space    used 1534K, capacity 1568K, committed 1664K, reserved 1048576K
}

